InnoDB: using atomic writes.
2021-02-01 10:19:38 0 [Note] InnoDB: Mutexes and rw_locks use Windows interlocked functions
2021-02-01 10:19:38 0 [Note] InnoDB: Uses event mutexes
2021-02-01 10:19:38 0 [Note] InnoDB: Compressed tables use zlib 1.2.11
2021-02-01 10:19:38 0 [Note] InnoDB: Number of pools: 1
2021-02-01 10:19:38 0 [Note] InnoDB: Using SSE2 crc32 instructions
2021-02-01 10:19:38 0 [Note] InnoDB: Initializing buffer pool, total size = 16M, instances = 1, chunk size = 16M
2021-02-01 10:19:38 0 [Note] InnoDB: Completed initialization of buffer pool
2021-02-01 10:19:38 0 [Note] InnoDB: Starting crash recovery from checkpoint LSN=300288
2021-02-01 10:19:39 0 [Note] InnoDB: 128 out of 128 rollback segments are active.
2021-02-01 10:19:39 0 [Note] InnoDB: Removed temporary tablespace data file: "ibtmp1"
2021-02-01 10:19:39 0 [Note] InnoDB: Creating shared tablespace for temporary tables
2021-02-01 10:19:39 0 [Note] InnoDB: Setting file 'E:\xampp\mysql\data\ibtmp1' size to 12 MB. Physically writing the file full; Please wait ...
2021-02-01 10:19:39 0 [Note] InnoDB: File 'E:\xampp\mysql\data\ibtmp1' size is now 12 MB.
2021-02-01 10:19:39 0 [Note] InnoDB: Waiting for purge to start
2021-02-01 10:19:39 0 [Note] InnoDB: 10.4.17 started; log sequence number 300297; transaction id 170
2021-02-01 10:19:39 0 [Note] InnoDB: Loading buffer pool(s) from E:\xampp\mysql\data\ib_buffer_pool
2021-02-01 10:19:39 0 [Note] Plugin 'FEEDBACK' is disabled.
2021-02-01 10:19:39 0 [Note] Server socket created on IP: '::'.
InnoDB: using atomic writes.
2021-02-02 10:37:08 0 [Note] InnoDB: Mutexes and rw_locks use Windows interlocked functions
2021-02-02 10:37:08 0 [Note] InnoDB: Uses event mutexes
2021-02-02 10:37:08 0 [Note] InnoDB: Compressed tables use zlib 1.2.11
2021-02-02 10:37:08 0 [Note] InnoDB: Number of pools: 1
2021-02-02 10:37:08 0 [Note] InnoDB: Using SSE2 crc32 instructions
2021-02-02 10:37:08 0 [Note] InnoDB: Initializing buffer pool, total size = 16M, instances = 1, chunk size = 16M
2021-02-02 10:37:08 0 [Note] InnoDB: Completed initialization of buffer pool
2021-02-02 10:37:08 0 [Note] InnoDB: Starting crash recovery from checkpoint LSN=300306
2021-02-02 10:37:08 0 [Note] InnoDB: 128 out of 128 rollback segments are active.
2021-02-02 10:37:08 0 [Note] InnoDB: Removed temporary tablespace data file: "ibtmp1"
2021-02-02 10:37:08 0 [Note] InnoDB: Creating shared tablespace for temporary tables
2021-02-02 10:37:08 0 [Note] InnoDB: Setting file 'E:\xampp\mysql\data\ibtmp1' size to 12 MB. Physically writing the file full; Please wait ...
2021-02-02 10:37:08 0 [Note] InnoDB: File 'E:\xampp\mysql\data\ibtmp1' size is now 12 MB.
2021-02-02 10:37:08 0 [Note] InnoDB: Waiting for purge to start
2021-02-02 10:37:08 0 [Note] InnoDB: 10.4.17 started; log sequence number 300315; transaction id 170
2021-02-02 10:37:08 0 [Note] InnoDB: Loading buffer pool(s) from E:\xampp\mysql\data\ib_buffer_pool
2021-02-02 10:37:08 0 [Note] Plugin 'FEEDBACK' is disabled.
2021-02-02 10:37:08 0 [Note] InnoDB: Buffer pool(s) load completed at 210202 10:37:08
2021-02-02 10:37:08 0 [Note] Server socket created on IP: '::'.
InnoDB: using atomic writes.
2021-02-05 11:14:28 0 [Note] InnoDB: Mutexes and rw_locks use Windows interlocked functions
2021-02-05 11:14:28 0 [Note] InnoDB: Uses event mutexes
2021-02-05 11:14:28 0 [Note] InnoDB: Compressed tables use zlib 1.2.11
2021-02-05 11:14:28 0 [Note] InnoDB: Number of pools: 1
2021-02-05 11:14:28 0 [Note] InnoDB: Using SSE2 crc32 instructions
2021-02-05 11:14:28 0 [Note] InnoDB: Initializing buffer pool, total size = 16M, instances = 1, chunk size = 16M
2021-02-05 11:14:28 0 [Note] InnoDB: Completed initialization of buffer pool
2021-02-05 11:14:28 0 [Note] InnoDB: Starting crash recovery from checkpoint LSN=333206
2021-02-05 11:14:28 0 [Note] InnoDB: 128 out of 128 rollback segments are active.
2021-02-05 11:14:28 0 [Note] InnoDB: Removed temporary tablespace data file: "ibtmp1"
2021-02-05 11:14:28 0 [Note] InnoDB: Creating shared tablespace for temporary tables
2021-02-05 11:14:28 0 [Note] InnoDB: Setting file 'E:\xampp\mysql\data\ibtmp1' size to 12 MB. Physically writing the file full; Please wait ...
2021-02-05 11:14:28 0 [Note] InnoDB: File 'E:\xampp\mysql\data\ibtmp1' size is now 12 MB.
2021-02-05 11:14:28 0 [Note] InnoDB: Waiting for purge to start
2021-02-05 11:14:29 0 [Note] InnoDB: 10.4.17 started; log sequence number 333215; transaction id 269
2021-02-05 11:14:29 0 [Note] InnoDB: Loading buffer pool(s) from E:\xampp\mysql\data\ib_buffer_pool
2021-02-05 11:14:29 0 [Note] Plugin 'FEEDBACK' is disabled.
2021-02-05 11:14:29 0 [Note] InnoDB: Buffer pool(s) load completed at 210205 11:14:29
2021-02-05 11:14:29 0 [Note] Server socket created on IP: '::'.
InnoDB: using atomic writes.
2021-02-18 10:27:00 0 [Note] InnoDB: Mutexes and rw_locks use Windows interlocked functions
2021-02-18 10:27:00 0 [Note] InnoDB: Uses event mutexes
2021-02-18 10:27:00 0 [Note] InnoDB: Compressed tables use zlib 1.2.11
2021-02-18 10:27:00 0 [Note] InnoDB: Number of pools: 1
2021-02-18 10:27:00 0 [Note] InnoDB: Using SSE2 crc32 instructions
2021-02-18 10:27:00 0 [Note] InnoDB: Initializing buffer pool, total size = 16M, instances = 1, chunk size = 16M
2021-02-18 10:27:00 0 [Note] InnoDB: Completed initialization of buffer pool
2021-02-18 10:27:00 0 [Note] InnoDB: Starting crash recovery from checkpoint LSN=338754
2021-02-18 10:27:00 0 [Note] InnoDB: 128 out of 128 rollback segments are active.
2021-02-18 10:27:00 0 [Note] InnoDB: Removed temporary tablespace data file: "ibtmp1"
2021-02-18 10:27:00 0 [Note] InnoDB: Creating shared tablespace for temporary tables
2021-02-18 10:27:00 0 [Note] InnoDB: Setting file 'E:\xampp\mysql\data\ibtmp1' size to 12 MB. Physically writing the file full; Please wait ...
2021-02-18 10:27:00 0 [Note] InnoDB: File 'E:\xampp\mysql\data\ibtmp1' size is now 12 MB.
2021-02-18 10:27:00 0 [Note] InnoDB: Waiting for purge to start
2021-02-18 10:27:00 0 [Note] InnoDB: 10.4.17 started; log sequence number 338763; transaction id 313
2021-02-18 10:27:00 0 [Note] InnoDB: Loading buffer pool(s) from E:\xampp\mysql\data\ib_buffer_pool
2021-02-18 10:27:00 0 [Note] Plugin 'FEEDBACK' is disabled.
2021-02-18 10:27:00 0 [Note] InnoDB: Buffer pool(s) load completed at 210218 10:27:00
2021-02-18 10:27:00 0 [Note] Server socket created on IP: '::'.
InnoDB: using atomic writes.
2021-02-26 16:27:30 0 [Note] InnoDB: Mutexes and rw_locks use Windows interlocked functions
2021-02-26 16:27:30 0 [Note] InnoDB: Uses event mutexes
2021-02-26 16:27:30 0 [Note] InnoDB: Compressed tables use zlib 1.2.11
2021-02-26 16:27:30 0 [Note] InnoDB: Number of pools: 1
2021-02-26 16:27:30 0 [Note] InnoDB: Using SSE2 crc32 instructions
2021-02-26 16:27:30 0 [Note] InnoDB: Initializing buffer pool, total size = 16M, instances = 1, chunk size = 16M
2021-02-26 16:27:30 0 [Note] InnoDB: Completed initialization of buffer pool
2021-02-26 16:27:30 0 [Note] InnoDB: Starting crash recovery from checkpoint LSN=347554
2021-02-26 16:27:30 0 [Note] InnoDB: 128 out of 128 rollback segments are active.
2021-02-26 16:27:30 0 [Note] InnoDB: Removed temporary tablespace data file: "ibtmp1"
2021-02-26 16:27:30 0 [Note] InnoDB: Creating shared tablespace for temporary tables
2021-02-26 16:27:30 0 [Note] InnoDB: Setting file 'E:\xampp\mysql\data\ibtmp1' size to 12 MB. Physically writing the file full; Please wait ...
2021-02-26 16:27:30 0 [Note] InnoDB: File 'E:\xampp\mysql\data\ibtmp1' size is now 12 MB.
2021-02-26 16:27:30 0 [Note] InnoDB: Waiting for purge to start
2021-02-26 16:27:30 0 [Note] InnoDB: 10.4.17 started; log sequence number 347563; transaction id 366
2021-02-26 16:27:30 0 [Note] InnoDB: Loading buffer pool(s) from E:\xampp\mysql\data\ib_buffer_pool
2021-02-26 16:27:30 0 [Note] Plugin 'FEEDBACK' is disabled.
2021-02-26 16:27:30 0 [Note] InnoDB: Buffer pool(s) load completed at 210226 16:27:30
2021-02-26 16:27:30 0 [Note] Server socket created on IP: '::'.
InnoDB: using atomic writes.
2021-02-26 17:27:57 0 [Note] InnoDB: Mutexes and rw_locks use Windows interlocked functions
2021-02-26 17:27:57 0 [Note] InnoDB: Uses event mutexes
2021-02-26 17:27:57 0 [Note] InnoDB: Compressed tables use zlib 1.2.11
2021-02-26 17:27:57 0 [Note] InnoDB: Number of pools: 1
2021-02-26 17:27:57 0 [Note] InnoDB: Using SSE2 crc32 instructions
2021-02-26 17:27:57 0 [Note] InnoDB: Initializing buffer pool, total size = 16M, instances = 1, chunk size = 16M
2021-02-26 17:27:57 0 [Note] InnoDB: Completed initialization of buffer pool
2021-02-26 17:27:57 0 [Note] InnoDB: Starting crash recovery from checkpoint LSN=349428
2021-02-26 17:27:57 0 [Note] InnoDB: 128 out of 128 rollback segments are active.
2021-02-26 17:27:57 0 [Note] InnoDB: Removed temporary tablespace data file: "ibtmp1"
2021-02-26 17:27:57 0 [Note] InnoDB: Creating shared tablespace for temporary tables
2021-02-26 17:27:57 0 [Note] InnoDB: Setting file 'E:\xampp\mysql\data\ibtmp1' size to 12 MB. Physically writing the file full; Please wait ...
2021-02-26 17:27:57 0 [Note] InnoDB: File 'E:\xampp\mysql\data\ibtmp1' size is now 12 MB.
2021-02-26 17:27:57 0 [Note] InnoDB: Waiting for purge to start
2021-02-26 17:27:57 0 [Note] InnoDB: 10.4.17 started; log sequence number 349437; transaction id 396
2021-02-26 17:27:57 0 [Note] InnoDB: Loading buffer pool(s) from E:\xampp\mysql\data\ib_buffer_pool
2021-02-26 17:27:57 0 [Note] Plugin 'FEEDBACK' is disabled.
2021-02-26 17:27:57 0 [Note] Server socket created on IP: '::'.
InnoDB: using atomic writes.
2021-02-28 10:50:24 0 [Note] InnoDB: Mutexes and rw_locks use Windows interlocked functions
2021-02-28 10:50:24 0 [Note] InnoDB: Uses event mutexes
2021-02-28 10:50:24 0 [Note] InnoDB: Compressed tables use zlib 1.2.11
2021-02-28 10:50:24 0 [Note] InnoDB: Number of pools: 1
2021-02-28 10:50:24 0 [Note] InnoDB: Using SSE2 crc32 instructions
2021-02-28 10:50:24 0 [Note] InnoDB: Initializing buffer pool, total size = 16M, instances = 1, chunk size = 16M
2021-02-28 10:50:24 0 [Note] InnoDB: Completed initialization of buffer pool
2021-02-28 10:50:24 0 [Note] InnoDB: Starting crash recovery from checkpoint LSN=349446
2021-02-28 10:50:24 0 [Note] InnoDB: 128 out of 128 rollback segments are active.
2021-02-28 10:50:24 0 [Note] InnoDB: Removed temporary tablespace data file: "ibtmp1"
2021-02-28 10:50:24 0 [Note] InnoDB: Creating shared tablespace for temporary tables
2021-02-28 10:50:24 0 [Note] InnoDB: Setting file 'E:\xampp\mysql\data\ibtmp1' size to 12 MB. Physically writing the file full; Please wait ...
2021-02-28 10:50:24 0 [Note] InnoDB: File 'E:\xampp\mysql\data\ibtmp1' size is now 12 MB.
2021-02-28 10:50:24 0 [Note] InnoDB: Waiting for purge to start
2021-02-28 10:50:24 0 [Note] InnoDB: 10.4.17 started; log sequence number 349455; transaction id 396
2021-02-28 10:50:24 0 [Note] InnoDB: Loading buffer pool(s) from E:\xampp\mysql\data\ib_buffer_pool
2021-02-28 10:50:24 0 [Note] Plugin 'FEEDBACK' is disabled.
2021-02-28 10:50:24 0 [Note] InnoDB: Buffer pool(s) load completed at 210228 10:50:24
2021-02-28 10:50:24 0 [Note] Server socket created on IP: '::'.
InnoDB: using atomic writes.
2021-03-02 14:25:34 0 [Note] InnoDB: Mutexes and rw_locks use Windows interlocked functions
2021-03-02 14:25:34 0 [Note] InnoDB: Uses event mutexes
2021-03-02 14:25:34 0 [Note] InnoDB: Compressed tables use zlib 1.2.11
2021-03-02 14:25:34 0 [Note] InnoDB: Number of pools: 1
2021-03-02 14:25:34 0 [Note] InnoDB: Using SSE2 crc32 instructions
2021-03-02 14:25:34 0 [Note] InnoDB: Initializing buffer pool, total size = 16M, instances = 1, chunk size = 16M
2021-03-02 14:25:34 0 [Note] InnoDB: Completed initialization of buffer pool
2021-03-02 14:25:34 0 [Note] InnoDB: Starting crash recovery from checkpoint LSN=349464
2021-03-02 14:25:34 0 [Note] InnoDB: 128 out of 128 rollback segments are active.
2021-03-02 14:25:34 0 [Note] InnoDB: Removed temporary tablespace data file: "ibtmp1"
2021-03-02 14:25:34 0 [Note] InnoDB: Creating shared tablespace for temporary tables
2021-03-02 14:25:34 0 [Note] InnoDB: Setting file 'E:\xampp\mysql\data\ibtmp1' size to 12 MB. Physically writing the file full; Please wait ...
2021-03-02 14:25:34 0 [Note] InnoDB: File 'E:\xampp\mysql\data\ibtmp1' size is now 12 MB.
2021-03-02 14:25:34 0 [Note] InnoDB: Waiting for purge to start
2021-03-02 14:25:34 0 [Note] InnoDB: 10.4.17 started; log sequence number 349473; transaction id 396
2021-03-02 14:25:34 0 [Note] InnoDB: Loading buffer pool(s) from E:\xampp\mysql\data\ib_buffer_pool
2021-03-02 14:25:34 0 [Note] Plugin 'FEEDBACK' is disabled.
2021-03-02 14:25:34 0 [Note] InnoDB: Buffer pool(s) load completed at 210302 14:25:34
2021-03-02 14:25:34 0 [Note] Server socket created on IP: '::'.
InnoDB: using atomic writes.
2021-03-09 21:37:02 0 [Note] InnoDB: Mutexes and rw_locks use Windows interlocked functions
2021-03-09 21:37:02 0 [Note] InnoDB: Uses event mutexes
2021-03-09 21:37:02 0 [Note] InnoDB: Compressed tables use zlib 1.2.11
2021-03-09 21:37:02 0 [Note] InnoDB: Number of pools: 1
2021-03-09 21:37:02 0 [Note] InnoDB: Using SSE2 crc32 instructions
2021-03-09 21:37:02 0 [Note] InnoDB: Initializing buffer pool, total size = 16M, instances = 1, chunk size = 16M
2021-03-09 21:37:02 0 [Note] InnoDB: Completed initialization of buffer pool
2021-03-09 21:37:02 0 [Note] InnoDB: Starting crash recovery from checkpoint LSN=360412
2021-03-09 21:37:02 0 [Note] InnoDB: 128 out of 128 rollback segments are active.
2021-03-09 21:37:02 0 [Note] InnoDB: Removed temporary tablespace data file: "ibtmp1"
2021-03-09 21:37:02 0 [Note] InnoDB: Creating shared tablespace for temporary tables
2021-03-09 21:37:02 0 [Note] InnoDB: Setting file 'E:\xampp\mysql\data\ibtmp1' size to 12 MB. Physically writing the file full; Please wait ...
2021-03-09 21:37:02 0 [Note] InnoDB: File 'E:\xampp\mysql\data\ibtmp1' size is now 12 MB.
2021-03-09 21:37:02 0 [Note] InnoDB: Waiting for purge to start
2021-03-09 21:37:02 0 [Note] InnoDB: 10.4.17 started; log sequence number 360421; transaction id 454
2021-03-09 21:37:02 0 [Note] InnoDB: Loading buffer pool(s) from E:\xampp\mysql\data\ib_buffer_pool
2021-03-09 21:37:02 0 [Note] Plugin 'FEEDBACK' is disabled.
2021-03-09 21:37:02 0 [Note] InnoDB: Buffer pool(s) load completed at 210309 21:37:02
2021-03-09 21:37:02 0 [Note] Server socket created on IP: '::'.
InnoDB: using atomic writes.
2021-03-10 16:28:02 0 [Note] InnoDB: Mutexes and rw_locks use Windows interlocked functions
2021-03-10 16:28:02 0 [Note] InnoDB: Uses event mutexes
2021-03-10 16:28:02 0 [Note] InnoDB: Compressed tables use zlib 1.2.11
2021-03-10 16:28:02 0 [Note] InnoDB: Number of pools: 1
2021-03-10 16:28:02 0 [Note] InnoDB: Using SSE2 crc32 instructions
2021-03-10 16:28:02 0 [Note] InnoDB: Initializing buffer pool, total size = 16M, instances = 1, chunk size = 16M
2021-03-10 16:28:02 0 [Note] InnoDB: Completed initialization of buffer pool
2021-03-10 16:28:02 0 [Note] InnoDB: Starting crash recovery from checkpoint LSN=361119
2021-03-10 16:28:02 0 [Note] InnoDB: 128 out of 128 rollback segments are active.
2021-03-10 16:28:02 0 [Note] InnoDB: Removed temporary tablespace data file: "ibtmp1"
2021-03-10 16:28:02 0 [Note] InnoDB: Creating shared tablespace for temporary tables
2021-03-10 16:28:02 0 [Note] InnoDB: Setting file 'E:\xampp\mysql\data\ibtmp1' size to 12 MB. Physically writing the file full; Please wait ...
2021-03-10 16:28:02 0 [Note] InnoDB: File 'E:\xampp\mysql\data\ibtmp1' size is now 12 MB.
2021-03-10 16:28:02 0 [Note] InnoDB: Waiting for purge to start
2021-03-10 16:28:02 0 [Note] InnoDB: 10.4.17 started; log sequence number 361128; transaction id 463
2021-03-10 16:28:02 0 [Note] InnoDB: Loading buffer pool(s) from E:\xampp\mysql\data\ib_buffer_pool
2021-03-10 16:28:02 0 [Note] Plugin 'FEEDBACK' is disabled.
2021-03-10 16:28:02 0 [Note] InnoDB: Buffer pool(s) load completed at 210310 16:28:02
2021-03-10 16:28:02 0 [Note] Server socket created on IP: '::'.
